This is pdfTeX, Version 3.141592653-2.6-1.40.25 (MiKTeX 24.1) (preloaded format=pdflatex 2024.9.24)  24 SEP 2024 20:53
entering extended mode
 restricted \write18 enabled.
 %&-line parsing enabled.
**"C:/Users/Nikolaj Veljkovic/OneDrive - Gymnasium Kirchenfeld/School/MA/LaTex/
main.tex"

(C:/Users/Nikolaj Veljkovic/OneDrive - Gymnasium Kirchenfeld/School/MA/LaTex/ma
in.tex
LaTeX2e <2023-11-01> patch level 1
L3 programming layer <2024-01-04>

! LaTeX Error: File `scrreprt.cls' not found.

Type X to quit or <RETURN> to proceed,
or enter new name. (Default extension: cls)

Enter file name: RETURN

! LaTeX Error: File `RETURN.cls' not found.

Type X to quit or <RETURN> to proceed,
or enter new name. (Default extension: cls)

Enter file name: <RETURN>

! LaTeX Error: File `<RETURN>.cls' not found.

Type X to quit or <RETURN> to proceed,
or enter new name. (Default extension: cls)

Enter file name: 

(C:/Users/Nikolaj Veljkovic/OneDrive - Gymnasium Kirchenfeld/School/MA/LaTex\ko
nfiguration.tex
(C:\Users\Nikolaj Veljkovic\AppData\Local\Programs\MiKTeX\tex/generic/babel\bab
el.sty
Package: babel 2024/01/07 v24.1 The Babel package
\babel@savecnt=\count187
\U@D=\dimen140
\l@unhyphenated=\language79

(C:\Users\Nikolaj Veljkovic\AppData\Local\Programs\MiKTeX\tex/generic/babel\txt
babel.def)
\bbl@readstream=\read2
\bbl@dirlevel=\count188

*************************************
* Local config file bblopts.cfg used
*

(C:\Users\Nikolaj Veljkovic\AppData\Local\Programs\MiKTeX\tex/latex/arabi\bblop
ts.cfg
File: bblopts.cfg 2005/09/08 v0.1 add Arabic and Farsi to "declared" options of
 babel
)

! Package babel Error: Unknown option 'ngerman'. Either you misspelled it
(babel)                or the language definition file ngerman.ldf
(babel)                was not found.
(babel)                There is a locale ini file for this language.
(babel)                If it’s the main language, try adding `provide=*'
(babel)                to the babel package options.

See the babel package documentation for explanation.
Type  H <return>  for immediate help.
 ...                                              
                                                  
l.4291 \ProcessOptions*
                       
? 
Package babel Info: You haven't specified a language as a class or package
(babel)             option. I'll load 'nil'. Reported on input line 4342.

(C:\Users\Nikolaj Veljkovic\AppData\Local\Programs\MiKTeX\tex/generic/babel\nil
.ldf
Language: nil 2024/01/07 v24.1 Nil language
\l@nil=\language80
))
(C:\Users\Nikolaj Veljkovic\AppData\Local\Programs\MiKTeX\tex/latex/fontspec\fo
ntspec.sty
(C:\Users\Nikolaj Veljkovic\AppData\Local\Programs\MiKTeX\tex/latex/l3packages/
xparse\xparse.sty
(C:\Users\Nikolaj Veljkovic\AppData\Local\Programs\MiKTeX\tex/latex/l3kernel\ex
pl3.sty
Package: expl3 2024-01-04 L3 programming layer (loader) 

(C:\Users\Nikolaj Veljkovic\AppData\Local\Programs\MiKTeX\tex/latex/l3backend\l
3backend-pdftex.def
File: l3backend-pdftex.def 2024-01-04 L3 backend support: PDF output (pdfTeX)
\l__color_backend_stack_int=\count189
\l__pdf_internal_box=\box51
))
Package: xparse 2023-10-10 L3 Experimental document command parser
)
Package: fontspec 2022/01/15 v2.8a Font selection for XeLaTeX and LuaLaTeX


! Fatal Package fontspec Error: The fontspec package requires either XeTeX or
(fontspec)                      LuaTeX.
(fontspec)                      
(fontspec)                      You must change your typesetting engine to,
(fontspec)                      e.g., "xelatex" or "lualatex" instead of
(fontspec)                      "latex" or "pdflatex".

Type <return> to continue.
 ...                                              
                                                  
l.45 \msg_fatal:nn {fontspec} {cannot-use-pdftex}
                                                 
? 

! Emergency stop.
<read *> 
         
l.45 \msg_fatal:nn {fontspec} {cannot-use-pdftex}
                                                 
*** (cannot \read from terminal in nonstop modes)

 
Here is how much of TeX's memory you used:
 1312 strings out of 474486
 27113 string characters out of 5738055
 1924542 words of memory out of 5000000
 23665 multiletter control sequences out of 15000+600000
 558069 words of font info for 36 fonts, out of 8000000 for 9000
 1141 hyphenation exceptions out of 8191
 84i,0n,96p,306b,42s stack positions out of 10000i,1000n,20000p,200000b,200000s
!  ==> Fatal error occurred, no output PDF file produced!
